
          -------------------------------------------------------
          Amber 16 PMEMD                              2016
          -------------------------------------------------------

| PMEMD implementation of SANDER, Release 16

| Run on 07/08/2022 at 19:40:07

|   Executable path: pmemd.cuda
| Working directory: /home/test/Ando/298K/2_Min
|          Hostname: s87.lab

  [-O]verwriting output

File Assignments:
|   MDIN: min.in                                                                
|  MDOUT: min.out                                                               
| INPCRD: ../1_Leap/Wat.rst7                                                    
|   PARM: ../1_Leap/Wat.parm7                                                   
| RESTRT: min.rst7                                                              
|   REFC: refc                                                                  
|  MDVEL: mdvel                                                                 
|   MDEN: mden                                                                  
|  MDCRD: mdcrd                                                                 
| MDINFO: mdinfo                                                                
|  MDFRC: mdfrc                                                                 


 Here is the input file:

Minimizing the system                                                          
&cntrl                                                                         
  imin   = 1                                                                   
  maxcyc = 1000                                                                
  ncyc   = 500                                                                 
  ntb    = 1                                                                   
  cut    = 8.0                                                                 
&end                                                                           
                                                                               


Note: ig = -1. Setting random seed to   146226 based on wallclock time in 
      microseconds.
 
|--------------------- INFORMATION ----------------------
| GPU (CUDA) Version of PMEMD in use: NVIDIA GPU IN USE.
|                    Version 16.0.0
| 
|                      02/25/2016
| 
| Implementation by:
|                    Ross C. Walker     (SDSC)
|                    Scott Le Grand     (nVIDIA)
| 
| Precision model in use:
|      [SPFP] - Single Precision Forces, 64-bit Fixed Point
|               Accumulation. (Default)
| 
|--------------------------------------------------------
 
|----------------- CITATION INFORMATION -----------------
|
|    When publishing work that utilized the CUDA version
|    of AMBER, please cite the following in addition to
|    the regular AMBER citations:
|
|  - Romelia Salomon-Ferrer; Andreas W. Goetz; Duncan
|    Poole; Scott Le Grand; Ross C. Walker "Routine
|    microsecond molecular dynamics simulations with
|    AMBER - Part II: Particle Mesh Ewald", J. Chem.
|    Theory Comput., 2013, 9 (9), pp3878-3888,
|    DOI: 10.1021/ct400314y.
|
|  - Andreas W. Goetz; Mark J. Williamson; Dong Xu;
|    Duncan Poole; Scott Le Grand; Ross C. Walker
|    "Routine microsecond molecular dynamics simulations
|    with AMBER - Part I: Generalized Born", J. Chem.
|    Theory Comput., 2012, 8 (5), pp1542-1555.
|
|  - Scott Le Grand; Andreas W. Goetz; Ross C. Walker
|    "SPFP: Speed without compromise - a mixed precision
|    model for GPU accelerated molecular dynamics
|    simulations.", Comp. Phys. Comm., 2013, 184
|    pp374-380, DOI: 10.1016/j.cpc.2012.09.022
|
|--------------------------------------------------------
 
|------------------- GPU DEVICE INFO --------------------
|
|            CUDA_VISIBLE_DEVICES: not set
|   CUDA Capable Devices Detected:      1
|           CUDA Device ID in use:      0
|                CUDA Device Name: GeForce GTX 1080
|     CUDA Device Global Mem Size:   8113 MB
| CUDA Device Num Multiprocessors:     20
|           CUDA Device Core Freq:   1.73 GHz
|
|--------------------------------------------------------
 
 
| Conditional Compilation Defines Used:
| PUBFFT
| BINTRAJ
| CUDA
| EMIL

| Largest sphere to fit in unit cell has radius =    22.000

| New format PARM file being parsed.
| Version =    1.000 Date = 06/10/22 Time = 17:30:29

| Note: 1-4 EEL scale factors are being read from the topology file.

| Note: 1-4 VDW scale factors are being read from the topology file.
| Duplicated    0 dihedrals

| Duplicated    0 dihedrals

--------------------------------------------------------------------------------
   1.  RESOURCE   USE: 
--------------------------------------------------------------------------------

 getting new box info from bottom of inpcrd
 NATOM  =    8000 NTYPES =       3 NBONH =    6000 MBONA  =    2000
 NTHETH =       0 MTHETA =       0 NPHIH =       0 MPHIA  =       0
 NHPARM =       0 NPARM  =       0 NNB   =   14000 NRES   =    2000
 NBONA  =    2000 NTHETA =       0 NPHIA =       0 NUMBND =       3
 NUMANG =       0 NPTRA  =       0 NATYP =       3 NPHB   =       0
 IFBOX  =       1 NMXRS  =       4 IFCAP =       0 NEXTRA =    2000
 NCOPY  =       0

| Coordinate Index Table dimensions:     9    9    9
| Direct force subcell size =     4.8889    4.8889    4.8889

     BOX TYPE: RECTILINEAR

--------------------------------------------------------------------------------
   2.  CONTROL  DATA  FOR  THE  RUN
--------------------------------------------------------------------------------

default_name                                                                    

General flags:
     imin    =       1, nmropt  =       0

Nature and format of input:
     ntx     =       1, irest   =       0, ntrx    =       1

Nature and format of output:
     ntxo    =       2, ntpr    =      50, ntrx    =       1, ntwr    =       1
     iwrap   =       0, ntwx    =       0, ntwv    =       0, ntwe    =       0
     ioutfm  =       1, ntwprt  =       0, idecomp =       0, rbornstat=      0

Potential function:
     ntf     =       1, ntb     =       1, igb     =       0, nsnb    =      25
     ipol    =       0, gbsa    =       0, iesp    =       0
     dielc   =   1.00000, cut     =   8.00000, intdiel =   1.00000

Frozen or restrained atoms:
     ibelly  =       0, ntr     =       0

Energy minimization:
     maxcyc  =    1000, ncyc    =     500, ntmin   =       1
     dx0     =   0.01000, drms    =   0.00010

| Intermolecular bonds treatment:
|     no_intermolecular_bonds =       1

| Energy averages sample interval:
|     ene_avg_sampling =       1

Extra-points options:
     frameon =       1, chngmask=       1

Ewald parameters:
     verbose =       0, ew_type =       0, nbflag  =       1, use_pme =       1
     vdwmeth =       1, eedmeth =       1, netfrc  =       0
     Box X =   44.000   Box Y =   44.000   Box Z =   44.000
     Alpha =   90.000   Beta  =   90.000   Gamma =   90.000
     NFFT1 =   48       NFFT2 =   48       NFFT3 =   48
     Cutoff=    8.000   Tol   =0.100E-04
     Ewald Coefficient =  0.34864
     Interpolation order =    4
|      EXTRA_PTS, trim_bonds: num bonds BEFORE trim =  6000     0
|      EXTRA_PTS, trim_bonds: num bonds AFTER  trim =  6000     0
|      EXTRA_PTS, trim_bonds: num bonds BEFORE trim =  2000     0
|      EXTRA_PTS, trim_bonds: num bonds AFTER  trim =     0     0
|      EXTRA_PTS, trim_theta: num angle BEFORE trim =     0     0
|      EXTRA_PTS, trim_theta: num angle AFTER  trim =     0     0
|      EXTRA_PTS, trim_theta: num angle BEFORE trim =     0     0
|      EXTRA_PTS, trim_theta: num angle AFTER  trim =     0     0
|      EXTRA_PTS, trim_phi:  num diheds BEFORE trim =     0     0
|      EXTRA_PTS, trim_phi:  num diheds AFTER  trim =     0     0
|      EXTRA_PTS, trim_phi:  num diheds BEFORE trim =     0     0
|      EXTRA_PTS, trim_phi:  num diheds AFTER  trim =     0     0

--------------------------------------------------------------------------------
   3.  ATOMIC COORDINATES AND VELOCITIES
--------------------------------------------------------------------------------

default_name                                                                    
 begin time read from input coords =     0.000 ps

 
 Number of triangulated 3-point waters found:     2000

     Sum of charges from parm topology file =   0.00001098
     Forcing neutrality...

| Dynamic Memory, Types Used:
| Reals              310888
| Integers           360013

| Nonbonded Pairs Initial Allocation:     1336200

| GPU memory information (estimate):
| KB of GPU memory in use:     20309
| KB of CPU memory in use:      9557

--------------------------------------------------------------------------------
   4.  RESULTS
--------------------------------------------------------------------------------

 ---------------------------------------------------
 APPROXIMATING switch and d/dx switch using CUBIC SPLINE INTERPOLATION
 using   5000.0 points per unit in tabled values
 TESTING RELATIVE ERROR over r ranging from 0.0 to cutoff
| CHECK switch(x): max rel err =   0.2738E-14   at   2.422500
| CHECK d/dx switch(x): max rel err =   0.8332E-11   at   2.782960
 ---------------------------------------------------
|---------------------------------------------------
| APPROXIMATING direct energy using CUBIC SPLINE INTERPOLATION
|  with   50.0 points per unit in tabled values
| Relative Error Limit not exceeded for r .gt.   2.47
| APPROXIMATING direct force using CUBIC SPLINE INTERPOLATION
|  with   50.0 points per unit in tabled values
| Relative Error Limit not exceeded for r .gt.   2.89
|---------------------------------------------------


   NSTEP       ENERGY          RMS            GMAX         NAME    NUMBER
      1       5.2040E+04     1.3819E+02     3.6233E+02     H2       7947

 BOND    =    82209.3448  ANGLE   =        0.0000  DIHED      =        0.0000
 VDWAALS =     4941.3739  EEL     =   -35110.9634  HBOND      =        0.0000
 1-4 VDW =        0.0000  1-4 EEL =        0.0000  RESTRAINT  =        0.0000


   NSTEP       ENERGY          RMS            GMAX         NAME    NUMBER
     50      -2.6762E+04     4.5325E+00     1.3861E+01     H2       2107

 BOND    =     4365.4839  ANGLE   =        0.0000  DIHED      =        0.0000
 VDWAALS =     4312.6353  EEL     =   -35439.9527  HBOND      =        0.0000
 1-4 VDW =        0.0000  1-4 EEL =        0.0000  RESTRAINT  =        0.0000


   NSTEP       ENERGY          RMS            GMAX         NAME    NUMBER
    100      -2.8297E+04     2.6122E+00     9.5309E+00     H2       4251

 BOND    =     3982.7905  ANGLE   =        0.0000  DIHED      =        0.0000
 VDWAALS =     4470.9046  EEL     =   -36750.3619  HBOND      =        0.0000
 1-4 VDW =        0.0000  1-4 EEL =        0.0000  RESTRAINT  =        0.0000


   NSTEP       ENERGY          RMS            GMAX         NAME    NUMBER
    150      -2.8965E+04     1.4017E+00     5.5258E+00     H2       7767

 BOND    =     4632.0858  ANGLE   =        0.0000  DIHED      =        0.0000
 VDWAALS =     4776.6796  EEL     =   -38374.0094  HBOND      =        0.0000
 1-4 VDW =        0.0000  1-4 EEL =        0.0000  RESTRAINT  =        0.0000


   NSTEP       ENERGY          RMS            GMAX         NAME    NUMBER
    200      -2.9397E+04     6.8772E-01     4.5875E+00     H2       7367

 BOND    =     4638.9633  ANGLE   =        0.0000  DIHED      =        0.0000
 VDWAALS =     5084.2707  EEL     =   -39119.8813  HBOND      =        0.0000
 1-4 VDW =        0.0000  1-4 EEL =        0.0000  RESTRAINT  =        0.0000


   NSTEP       ENERGY          RMS            GMAX         NAME    NUMBER
    250      -2.9717E+04     8.6301E-01     5.4019E+00     H2       7367

 BOND    =     4760.6344  ANGLE   =        0.0000  DIHED      =        0.0000
 VDWAALS =     5369.9750  EEL     =   -39847.5416  HBOND      =        0.0000
 1-4 VDW =        0.0000  1-4 EEL =        0.0000  RESTRAINT  =        0.0000


   NSTEP       ENERGY          RMS            GMAX         NAME    NUMBER
    300      -2.9957E+04     1.9480E+00     1.1234E+01     H2       4251

 BOND    =     4767.2015  ANGLE   =        0.0000  DIHED      =        0.0000
 VDWAALS =     5617.1688  EEL     =   -40341.5890  HBOND      =        0.0000
 1-4 VDW =        0.0000  1-4 EEL =        0.0000  RESTRAINT  =        0.0000


   NSTEP       ENERGY          RMS            GMAX         NAME    NUMBER
    350      -3.0176E+04     1.1730E+00     6.4666E+00     H2       4251

 BOND    =     5233.9640  ANGLE   =        0.0000  DIHED      =        0.0000
 VDWAALS =     5828.7569  EEL     =   -41238.3616  HBOND      =        0.0000
 1-4 VDW =        0.0000  1-4 EEL =        0.0000  RESTRAINT  =        0.0000


   NSTEP       ENERGY          RMS            GMAX         NAME    NUMBER
    400      -3.0348E+04     1.6699E+00     9.9723E+00     H1       3754

 BOND    =     5406.7023  ANGLE   =        0.0000  DIHED      =        0.0000
 VDWAALS =     6007.5048  EEL     =   -41761.8747  HBOND      =        0.0000
 1-4 VDW =        0.0000  1-4 EEL =        0.0000  RESTRAINT  =        0.0000


   NSTEP       ENERGY          RMS            GMAX         NAME    NUMBER
    450      -3.0515E+04     6.5060E-01     4.0501E+00     H2       3175

 BOND    =     5234.2782  ANGLE   =        0.0000  DIHED      =        0.0000
 VDWAALS =     6163.4085  EEL     =   -41913.0329  HBOND      =        0.0000
 1-4 VDW =        0.0000  1-4 EEL =        0.0000  RESTRAINT  =        0.0000


   NSTEP       ENERGY          RMS            GMAX         NAME    NUMBER
    500      -3.0651E+04     1.4381E+00     9.3468E+00     H1       3754

 BOND    =     5216.8389  ANGLE   =        0.0000  DIHED      =        0.0000
 VDWAALS =     6295.1381  EEL     =   -42163.2825  HBOND      =        0.0000
 1-4 VDW =        0.0000  1-4 EEL =        0.0000  RESTRAINT  =        0.0000


   NSTEP       ENERGY          RMS            GMAX         NAME    NUMBER
    550      -3.1371E+04     1.3663E+00     2.7510E+01     H2       7631

 BOND    =     5879.7282  ANGLE   =        0.0000  DIHED      =        0.0000
 VDWAALS =     7117.2139  EEL     =   -44367.6551  HBOND      =        0.0000
 1-4 VDW =        0.0000  1-4 EEL =        0.0000  RESTRAINT  =        0.0000


   NSTEP       ENERGY          RMS            GMAX         NAME    NUMBER
    600      -3.1598E+04     1.3127E+00     2.8160E+01     H1       5194

 BOND    =     6001.4284  ANGLE   =        0.0000  DIHED      =        0.0000
 VDWAALS =     7334.5758  EEL     =   -44933.6499  HBOND      =        0.0000
 1-4 VDW =        0.0000  1-4 EEL =        0.0000  RESTRAINT  =        0.0000


   NSTEP       ENERGY          RMS            GMAX         NAME    NUMBER
    650      -3.1760E+04     9.9360E-01     4.5614E+01     O        7937

 BOND    =     6066.2490  ANGLE   =        0.0000  DIHED      =        0.0000
 VDWAALS =     7486.3051  EEL     =   -45312.4711  HBOND      =        0.0000
 1-4 VDW =        0.0000  1-4 EEL =        0.0000  RESTRAINT  =        0.0000


   NSTEP       ENERGY          RMS            GMAX         NAME    NUMBER
    700      -3.1898E+04     9.2802E-01     2.0963E+01     O        7033

 BOND    =     6145.7708  ANGLE   =        0.0000  DIHED      =        0.0000
 VDWAALS =     7632.5136  EEL     =   -45676.6710  HBOND      =        0.0000
 1-4 VDW =        0.0000  1-4 EEL =        0.0000  RESTRAINT  =        0.0000


   NSTEP       ENERGY          RMS            GMAX         NAME    NUMBER
    750      -3.2057E+04     7.5032E-01     1.4676E+01     O        7937

 BOND    =     6242.3271  ANGLE   =        0.0000  DIHED      =        0.0000
 VDWAALS =     7832.7718  EEL     =   -46132.2234  HBOND      =        0.0000
 1-4 VDW =        0.0000  1-4 EEL =        0.0000  RESTRAINT  =        0.0000


   NSTEP       ENERGY          RMS            GMAX         NAME    NUMBER
    800      -3.2204E+04     7.3630E-01     1.7652E+01     H2       7035

 BOND    =     6333.3420  ANGLE   =        0.0000  DIHED      =        0.0000
 VDWAALS =     7979.6492  EEL     =   -46516.7555  HBOND      =        0.0000
 1-4 VDW =        0.0000  1-4 EEL =        0.0000  RESTRAINT  =        0.0000


   NSTEP       ENERGY          RMS            GMAX         NAME    NUMBER
    850      -3.2331E+04     6.7488E-01     1.5118E+01     H2       7939

 BOND    =     6407.6557  ANGLE   =        0.0000  DIHED      =        0.0000
 VDWAALS =     8138.4624  EEL     =   -46877.4659  HBOND      =        0.0000
 1-4 VDW =        0.0000  1-4 EEL =        0.0000  RESTRAINT  =        0.0000


   NSTEP       ENERGY          RMS            GMAX         NAME    NUMBER
    900      -3.2442E+04     7.1798E-01     1.2223E+01     O        1573

 BOND    =     6455.1379  ANGLE   =        0.0000  DIHED      =        0.0000
 VDWAALS =     8218.5413  EEL     =   -47116.1282  HBOND      =        0.0000
 1-4 VDW =        0.0000  1-4 EEL =        0.0000  RESTRAINT  =        0.0000


   NSTEP       ENERGY          RMS            GMAX         NAME    NUMBER
    950      -3.2521E+04     4.7917E-01     1.4308E+01     O        7933

 BOND    =     6486.8041  ANGLE   =        0.0000  DIHED      =        0.0000
 VDWAALS =     8288.6909  EEL     =   -47296.5678  HBOND      =        0.0000
 1-4 VDW =        0.0000  1-4 EEL =        0.0000  RESTRAINT  =        0.0000


   NSTEP       ENERGY          RMS            GMAX         NAME    NUMBER
   1000      -3.2594E+04     3.4705E-01     6.5683E+00     O        7933

 BOND    =     6550.5670  ANGLE   =        0.0000  DIHED      =        0.0000
 VDWAALS =     8368.5202  EEL     =   -47513.2202  HBOND      =        0.0000
 1-4 VDW =        0.0000  1-4 EEL =        0.0000  RESTRAINT  =        0.0000


  Maximum number of minimization cycles reached.


                    FINAL RESULTS



   NSTEP       ENERGY          RMS            GMAX         NAME    NUMBER
   1000      -3.2594E+04     3.4705E-01     6.5683E+00     O        7933

 BOND    =     6550.5670  ANGLE   =        0.0000  DIHED      =        0.0000
 VDWAALS =     8368.5202  EEL     =   -47513.2202  HBOND      =        0.0000
 1-4 VDW =        0.0000  1-4 EEL =        0.0000  RESTRAINT  =        0.0000
--------------------------------------------------------------------------------
   5.  TIMINGS
--------------------------------------------------------------------------------

|  NonSetup CPU Time in Major Routines:
|
|     Routine           Sec        %
|     ------------------------------
|     Nonbond           0.41   55.07
|     Bond              0.00    0.00
|     Angle             0.00    0.00
|     Dihedral          0.00    0.00
|     Shake             0.00    0.00
|     Other             0.34   44.93
|     ------------------------------
|     Total             0.75

|  PME Nonbond Pairlist CPU Time:
|
|     Routine              Sec        %
|     ---------------------------------
|     Set Up Cit           0.00    0.00
|     Build List           0.00    0.00
|     ---------------------------------
|     Total                0.00    0.00

|  PME Direct Force CPU Time:
|
|     Routine              Sec        %
|     ---------------------------------
|     NonBonded Calc       0.00    0.00
|     Exclude Masked       0.00    0.00
|     Other                0.00    0.00
|     ---------------------------------
|     Total                0.00    0.00

|  PME Reciprocal Force CPU Time:
|
|     Routine              Sec        %
|     ---------------------------------
|     1D bspline           0.00    0.00
|     Grid Charges         0.00    0.00
|     Scalar Sum           0.00    0.00
|     Gradient Sum         0.00    0.00
|     FFT                  0.00    0.00
|     ---------------------------------
|     Total                0.00    0.00

|  Setup CPU time:            0.82 seconds
|  NonSetup CPU time:         0.75 seconds
|  Total CPU time:            1.57 seconds     0.00 hours

|  Setup wall time:           2    seconds
|  NonSetup wall time:        1    seconds
|  Total wall time:           3    seconds     0.00 hours
